2017-10-17 22:17:50.168 [i] Keypirinha 2.15.4 (4aaa2ad) for x64
2017-10-17 22:17:50.169 [i] System: WinNT-x64 10.0.16299-ws-0x0100
2017-10-17 22:17:50.169 [i] Portable mode
2017-10-17 22:17:50.169 [i] Keyboard layout: 00000411
2017-10-17 22:17:50.170 [i] Monitor #1: Name[\\.\DISPLAY1] Rect[0, 0, 1920, 1080] DpiScale[1.00] PRIMARY
2017-10-17 22:17:50.170 [i] Monitor #2: Name[\\.\DISPLAY2] Rect[1920, 52, 3200, 1076] DpiScale[1.00]
2017-10-17 22:17:50.170 [i] Official packages: C:\Users\meron\Desktop\Keypirinha\default\Packages
2017-10-17 22:17:50.170 [i] Profile dir: C:\Users\meron\Desktop\Keypirinha\portable\Profile
2017-10-17 22:17:50.171 [i] Local dir: C:\Users\meron\Desktop\Keypirinha\portable\Local
2017-10-17 22:17:50.200 [i] Python 3.6.0 (default, Feb 14 2017, 09:16:02) [MSC v.1900 64 bit (AMD64)]
2017-10-17 22:17:50.404 [i] Loaded 5 items from history file.
2017-10-17 22:17:50.436 [i] Init done in 0.4756s, including 0.2095s (44%) for the Python interpreter.
2017-10-17 22:17:50.436 [i] Plugin loaded: Internal.About
2017-10-17 22:17:50.481 [i] Plugin loaded: Apps.CustomCmds (instance #1)
2017-10-17 22:17:50.481 [i] Plugin loaded: Apps.Desktop (instance #1)
2017-10-17 22:17:50.481 [i] Plugin loaded: Apps.EnvPath (instance #1)
2017-10-17 22:17:50.481 [i] Plugin loaded: Apps.ExtraPaths (instance #1)
2017-10-17 22:17:50.481 [i] Plugin loaded: Apps.StartMenu (instance #1)
2017-10-17 22:17:50.497 [i] Plugin loaded: Bookmarks.Bookmarks (instance #1)
2017-10-17 22:17:50.506 [i] Plugin loaded: Calc.Calc (instance #1)
2017-10-17 22:17:50.507 [i] Plugin loaded: ControlPanel.ControlPanel (instance #1)
2017-10-17 22:17:50.508 [i] Plugin loaded: Env.Env (instance #1)
2017-10-17 22:17:50.513 [i] Plugin loaded: Everything.Everything (instance #1)
2017-10-17 22:17:50.516 [i] Plugin loaded: FileBrowser.FileBrowser (instance #1)
2017-10-17 22:17:50.527 [i] Plugin loaded: FileZilla.FileZilla (instance #1)
2017-10-17 22:17:50.531 [i] Plugin loaded: GoogleTranslate.GoogleTranslate (instance #1)
2017-10-17 22:17:50.533 [i] Plugin loaded: PuTTY.PuTTY (instance #1)
2017-10-17 22:17:50.536 [i] Plugin loaded: RegBrowser.RegBrowser (instance #1)
2017-10-17 22:17:50.540 [i] Plugin loaded: String.String (instance #1)
2017-10-17 22:17:50.543 [i] Plugin loaded: TaskSwitcher.TaskSwitcher (instance #1)
2017-10-17 22:17:50.546 [i] Plugin loaded: URL.URL (instance #1)
2017-10-17 22:17:50.548 [i] Plugin loaded: WebSearch.WebSearch (instance #1)
2017-10-17 22:17:50.552 [i] Plugin loaded: WebSuggest.WebSuggest (instance #1)
2017-10-17 22:17:50.555 [i] Plugin loaded: Winamp.Winamp (instance #1)
2017-10-17 22:17:50.557 [i] Plugin loaded: WinSCP.WinSCP (instance #1)
2017-10-17 22:17:50.768 [i] Apps.EnvPath: Cataloged 1237 items in 0.2 seconds
2017-10-17 22:17:51.396 [i] Bookmarks.Bookmarks: Referenced 199 bookmarks
2017-10-17 22:21:10.214 [i] WebSearch.WebSearch: Configuration changed, rebuilding catalog...
2017-10-17 22:21:10.215 [i] PuTTY.PuTTY: Configuration changed, rebuilding catalog...
2017-10-17 22:21:10.215 [i] FileZilla.FileZilla: Configuration changed, rebuilding catalog...
2017-10-17 22:21:10.215 [i] WinSCP.WinSCP: Configuration changed, rebuilding catalog...
2017-10-17 22:21:10.812 [i] Bookmarks.Bookmarks: Referenced 199 bookmarks
2017-10-17 22:21:45.560 [i] WebSearch.WebSearch: Configuration changed, rebuilding catalog...
2017-10-17 22:21:45.564 [i] PuTTY.PuTTY: Configuration changed, rebuilding catalog...
2017-10-17 22:21:45.570 [i] FileZilla.FileZilla: Configuration changed, rebuilding catalog...
2017-10-17 22:21:45.588 [i] WinSCP.WinSCP: Configuration changed, rebuilding catalog...
2017-10-17 22:21:46.280 [i] Bookmarks.Bookmarks: Referenced 199 bookmarks
2017-10-17 22:22:09.568 [i] Application configuration has changed
2017-10-17 22:22:18.951 [i] WebSearch.WebSearch: Configuration changed, rebuilding catalog...
2017-10-17 22:22:18.954 [i] PuTTY.PuTTY: Configuration changed, rebuilding catalog...
2017-10-17 22:22:18.955 [i] FileZilla.FileZilla: Configuration changed, rebuilding catalog...
2017-10-17 22:22:18.955 [i] WinSCP.WinSCP: Configuration changed, rebuilding catalog...
2017-10-17 22:22:19.562 [i] Bookmarks.Bookmarks: Referenced 199 bookmarks
2017-10-17 22:23:05.256 [i] Application configuration has changed
2017-10-17 22:23:10.738 [i] PuTTY.PuTTY: Configuration changed, rebuilding catalog...
2017-10-17 22:23:10.738 [i] FileZilla.FileZilla: Configuration changed, rebuilding catalog...
2017-10-17 22:23:10.738 [i] WinSCP.WinSCP: Configuration changed, rebuilding catalog...
2017-10-17 22:23:10.744 [i] WebSearch.WebSearch: Configuration changed, rebuilding catalog...
2017-10-17 22:23:11.369 [i] Bookmarks.Bookmarks: Referenced 199 bookmarks
2017-10-17 22:27:34.777 [i] Plugin loaded: SystemCommands.SystemCommands (instance #1)
2017-10-17 22:27:40.635 [i] WebSearch.WebSearch: Configuration changed, rebuilding catalog...
2017-10-17 22:27:40.635 [i] SystemCommands.SystemCommands: Configuration changed, rebuilding catalog...
2017-10-17 22:27:40.644 [i] PuTTY.PuTTY: Configuration changed, rebuilding catalog...
2017-10-17 22:27:40.644 [i] FileZilla.FileZilla: Configuration changed, rebuilding catalog...
2017-10-17 22:27:40.644 [i] WinSCP.WinSCP: Configuration changed, rebuilding catalog...
2017-10-17 22:27:41.278 [i] Bookmarks.Bookmarks: Referenced 199 bookmarks
